#COLLECTE 4 WINNING_JOBS
##PARALLEL JOB[3] (0,expjob_0) timing=7562 dir=minplacer\00000_pa00_00006_rplan
##PARALLEL JOB[2] (1,expjob_1) timing=7407 dir=minplacer\00001_pa01_00006_rplan
##PARALLEL JOB[1] (3,expjob_3) timing=7333 dir=minplacer\00003_pa03_00006_rplan
##PARALLEL JOB[0] (2,expjob_2) timing=7030 dir=minplacer\00002_pa02_00006_rplan
PrePlaceDly=34137
#PLC_RUNDIR=minplacer\00002_pa02_00003_wl timing=4444 cg=0
PlaceDly=4444
TWL=5160
PEAKMEM=1304MB
#PLC_RUNDIR=minplacer\00002_pa02_00004_repopt timing=4444 cg=0
PlaceDly=4444
TWL=5160
PEAKMEM=1337MB
#PLC_RUNDIR=minplacer\00002_pa02_00005_post timing=7030 cg=0
PostIter=8
PlaceDly=7030
TWL=5440
PEAKMEM=1415MB
TotPostIter=8
#PLC_RUNDIR=minplacer\00002_pa02_00006_rplan timing=7030 cg=50
FinderPnRatio=50
FinderPnIter=0
PlaceDly=7030
PEAKMEM=1374MB
ParWin                              =expjob_2
