


MINPLACER FLOW STARTS Sat Jun 20 21:19:46 2026
PARRAY=32x32
TILE_SIZE=1,1
MODULE_NAME=top
GRANDITER=-1
FLOW_STRING=eflxexp1500
COMMIT_NLEDIT_IMMEDIATELY=1
USE_NMAX=0
USE_FINDER=1
USE_RTABLE=0
LATENCY_AWARE=1
HAS_PPP=0
FAIL_AS_CRASH=0
RUNTIME_LIMITED=1
MAX_CPU=4 (16 16 4)
REPORT_HOLD=1
IGNORE_REGION=0
IGNORE_REGION_AFTER_WL=0
VERIFY=0
[                                                  ][    1] Running placer flow EXP (version=1500).
[                                                  ][    1] Start 4 jobs with MAX_CPU=4, POOLSIZE=4 and requested_winning_jobs=1.
[                                                  ][    1] Running placer flow WLTD (666).
[              minplacer\00002_pa02_00001_character][    1] Step character
[              minplacer\00002_pa02_00001_character][    1] Step MinPlacerChar minplacer_skip_dont_place=0 do_shortfd=0 do_shortfd_aggressive=0 do_precomb=0 do_precomb_aggressive=0 do_chain_to_tree=0 do_used_rbb_vacan=0 do_rep=1 do_reloc=0 do_repack=0 do_swabsorb=0 do_rplan=1
[              minplacer\00002_pa02_00001_character][    1] RbbUsage=15 PrePlaceTiming=34137.
[                  minplacer\00002_pa02_00002_setup][    1] Step setup
[                  minplacer\00002_pa02_00002_setup][    2] Step setup ends.
[                     minplacer\00002_pa02_00003_wl][    2] Step wl
[                     minplacer\00002_pa02_00003_wl][   13] Step wl returns 0. (timing=4444 cg=0)
[                     minplacer\00002_pa02_00003_wl][   13] Updating timing 4444 vs 2147483647.
[                 minplacer\00002_pa02_00004_repopt][   13] Step repopt
[                 minplacer\00002_pa02_00004_repopt][   30] Step repopt returns 0. (timing=4444 cg=0)
[                 minplacer\00002_pa02_00004_repopt][   30] Step has no netlist change.
[                   minplacer\00002_pa02_00005_post][   30] Step post
[                   minplacer\00002_pa02_00005_post][   48] Step post returns 0. (timing=7030R cg=0)
[                   minplacer\00002_pa02_00005_post][   48] Updating timing 7030R vs 4444.
[                  minplacer\00002_pa02_00006_rplan][   48] Step rplan
[                  minplacer\00002_pa02_00006_rplan][   59] Step rplan returns 0. (timing=7030R cg=50)
[                  minplacer\00002_pa02_00006_rplan][   59] Updating timing 7030R vs 7030R.
[                                                  ][   59] Running placer flow WLTD ends with TRUE.
[                  minplacer\00002_pa02_00006_rplan][   59] Placer job(2) finished okay with timing=7030.
[                                                  ][    1] Running placer flow WLTD (666).
[              minplacer\00003_pa03_00001_character][    1] Step character
[              minplacer\00003_pa03_00001_character][    1] Step MinPlacerChar minplacer_skip_dont_place=0 do_shortfd=0 do_shortfd_aggressive=0 do_precomb=0 do_precomb_aggressive=0 do_chain_to_tree=0 do_used_rbb_vacan=0 do_rep=1 do_reloc=0 do_repack=0 do_swabsorb=0 do_rplan=1
[              minplacer\00003_pa03_00001_character][    1] RbbUsage=15 PrePlaceTiming=34137.
[                  minplacer\00003_pa03_00002_setup][    1] Step setup
[                  minplacer\00003_pa03_00002_setup][    3] Step setup ends.
[                     minplacer\00003_pa03_00003_wl][    3] Step wl
[                     minplacer\00003_pa03_00003_wl][   14] Step wl returns 0. (timing=4251 cg=0)
[                     minplacer\00003_pa03_00003_wl][   14] Updating timing 4251 vs 2147483647.
[                 minplacer\00003_pa03_00004_repopt][   14] Step repopt
[                 minplacer\00003_pa03_00004_repopt][   31] Step repopt returns 0. (timing=4251 cg=0)
[                 minplacer\00003_pa03_00004_repopt][   31] Step has no netlist change.
[                   minplacer\00003_pa03_00005_post][   31] Step post
[                   minplacer\00003_pa03_00005_post][   48] Step post returns 0. (timing=7333R cg=0)
[                   minplacer\00003_pa03_00005_post][   48] Updating timing 7333R vs 4251.
[                  minplacer\00003_pa03_00006_rplan][   48] Step rplan
[                  minplacer\00003_pa03_00006_rplan][   59] Step rplan returns 0. (timing=7333R cg=50)
[                  minplacer\00003_pa03_00006_rplan][   59] Updating timing 7333R vs 7333R.
[                                                  ][   59] Running placer flow WLTD ends with TRUE.
[                  minplacer\00003_pa03_00006_rplan][   59] Placer job(3) finished okay with timing=7333.
[                                                  ][    1] Running placer flow WLTD (666).
[              minplacer\00001_pa01_00001_character][    1] Step character
[              minplacer\00001_pa01_00001_character][    1] Step MinPlacerChar minplacer_skip_dont_place=0 do_shortfd=0 do_shortfd_aggressive=0 do_precomb=0 do_precomb_aggressive=0 do_chain_to_tree=0 do_used_rbb_vacan=0 do_rep=1 do_reloc=0 do_repack=0 do_swabsorb=0 do_rplan=1
[              minplacer\00001_pa01_00001_character][    1] RbbUsage=15 PrePlaceTiming=34137.
[                  minplacer\00001_pa01_00002_setup][    1] Step setup
[                  minplacer\00001_pa01_00002_setup][    3] Step setup ends.
[                     minplacer\00001_pa01_00003_wl][    3] Step wl
[                     minplacer\00001_pa01_00003_wl][   13] Step wl returns 0. (timing=4252 cg=0)
[                     minplacer\00001_pa01_00003_wl][   13] Updating timing 4252 vs 2147483647.
[                 minplacer\00001_pa01_00004_repopt][   13] Step repopt
[                 minplacer\00001_pa01_00004_repopt][   30] Step repopt returns 0. (timing=4252 cg=0)
[                 minplacer\00001_pa01_00004_repopt][   30] Step has no netlist change.
[                   minplacer\00001_pa01_00005_post][   30] Step post
[                   minplacer\00001_pa01_00005_post][   48] Step post returns 0. (timing=7407R cg=0)
[                   minplacer\00001_pa01_00005_post][   48] Updating timing 7407R vs 4252.
[                  minplacer\00001_pa01_00006_rplan][   48] Step rplan
[                  minplacer\00001_pa01_00006_rplan][   59] Step rplan returns 0. (timing=7407R cg=50)
[                  minplacer\00001_pa01_00006_rplan][   59] Updating timing 7407R vs 7407R.
[                                                  ][   59] Running placer flow WLTD ends with TRUE.
[                  minplacer\00001_pa01_00006_rplan][   59] Placer job(1) finished okay with timing=7407.
[                                                  ][    1] Running placer flow WLTD (666).
[              minplacer\00000_pa00_00001_character][    1] Step character
[              minplacer\00000_pa00_00001_character][    1] Step MinPlacerChar minplacer_skip_dont_place=0 do_shortfd=0 do_shortfd_aggressive=0 do_precomb=0 do_precomb_aggressive=0 do_chain_to_tree=0 do_used_rbb_vacan=0 do_rep=1 do_reloc=0 do_repack=0 do_swabsorb=0 do_rplan=1
[              minplacer\00000_pa00_00001_character][    1] RbbUsage=15 PrePlaceTiming=34137.
[                  minplacer\00000_pa00_00002_setup][    1] Step setup
[                  minplacer\00000_pa00_00002_setup][    2] Step setup ends.
[                     minplacer\00000_pa00_00003_wl][    2] Step wl
[                     minplacer\00000_pa00_00003_wl][   13] Step wl returns 0. (timing=4254 cg=0)
[                     minplacer\00000_pa00_00003_wl][   13] Updating timing 4254 vs 2147483647.
[                 minplacer\00000_pa00_00004_repopt][   13] Step repopt
[                 minplacer\00000_pa00_00004_repopt][   30] Step repopt returns 0. (timing=4254 cg=0)
[                 minplacer\00000_pa00_00004_repopt][   30] Step has no netlist change.
[                   minplacer\00000_pa00_00005_post][   30] Step post
[                   minplacer\00000_pa00_00005_post][   48] Step post returns 0. (timing=7562R cg=0)
[                   minplacer\00000_pa00_00005_post][   48] Updating timing 7562R vs 4254.
[                  minplacer\00000_pa00_00006_rplan][   48] Step rplan
[                  minplacer\00000_pa00_00006_rplan][   59] Step rplan returns 0. (timing=7562R cg=50)
[                  minplacer\00000_pa00_00006_rplan][   59] Updating timing 7562R vs 7562R.
[                                                  ][   59] Running placer flow WLTD ends with TRUE.
[                  minplacer\00000_pa00_00006_rplan][   59] Placer job(0) finished okay with timing=7562.
[                                                  ][   60] End 4 jobs with 1 being accepted: [2,expjob_2]=minplacer\00002_pa02_00006_rplan
[                                                  ][   60] End 4 jobs with 3 being abandoned: [3,expjob_3]=minplacer\00003_pa03_00006_rplan [1,expjob_1]=minplacer\00001_pa01_00006_rplan [0,expjob_0]=minplacer\00000_pa00_00006_rplan
[                                                  ][   60] Running placer flow EXP receives (2).
[                  minplacer\00002_pa02_00006_rplan][   60] Updating timing 7030R vs 2147483647.
[                                                  ][   60] Running placer flow EXP ends with [minplacer\00002_pa02_00006_rplan] timing=7030.
[                  minplacer\00002_pa02_00006_rplan][   60] Step readback plc starts.
[                  minplacer\00002_pa02_00006_rplan][   60] Step readback plc ended.
MINPLACER FLOW QORSTAT REP=0 BUF=0 PPP=0 COMB=0 SHORTFD=0 RELOC=0 SWABSORB=0 PREABSORB=0
MINPLACER FLOW ENDS RET=PASS Sat Jun 20 21:20:45 2026
