The current time is Sat Jun 20 21:19:59 2026
CPUs=4
EXE="C:\Program Files\Renesas Electronics\Go Configure Software Hub\external\eda-placer\v23\eda-placer.exe"
BuildDir=C:\Program Files\Renesas Electronics\Go Configure Software Hub\external\eda-placer\v23
BuildPath="C:\Program Files\Renesas Electronics\Go Configure Software Hub\external\eda-placer\v23"
CWD=C:\Users\heyvi\AppData\Local\Temp\eJxFePLn\out\minplacer\00001_pa01_00004_repopt
LogFile=minplacer_00001_pa01_00004.log
PrintScreen=..\_00001_pa01_stdout.txt
Command line: C:\Program Files\Renesas Electronics\Go Configure Software Hub\external\eda-placer\v23\eda-placer.exe -print_screen ..\_00001_pa01_stdout.txt -eflx_call_minplacer 00001_pa01_00004_repopt__out__top
	Arg[0] C:\Program Files\Renesas Electronics\Go Configure Software Hub\external\eda-placer\v23\eda-placer.exe
	Arg[1] -print_screen
	Arg[2] ..\_00001_pa01_stdout.txt
	Arg[3] -eflx_call_minplacer
	Arg[4] 00001_pa01_00004_repopt__out__top
Report CFG start:
            minplacer_output_clkloc = ..\..\minplacer\00001_pa01_00004_repopt\minplacer_clkloc.txt
           minplacer_ignore_regions = 0
    minplacer_output_vacant_lrbbloc = ..\..\minplacer\00001_pa01_00004_repopt\minplacer_vacant_lrbbloc.txt
             minplacer_input_rbbloc = ..\..\minplacer\00001_pa01_00003_wl\minplacer_rbbloc.txt
            minplacer_output_nledit = ..\..\minplacer\00001_pa01_00004_repopt\minplacer_nledit.txt
          minplacer_input_timingdef = ..\..\minplacer\00001_pa01_00002_setup\minplacer.timing_def
               minplacer_input_edif = ..\..\minplacer\00001_pa01_00002_setup\minplacer.edf
                               loga = minplacer_00001_pa01_00004.log
              ta_report_limit_paths = -1
              minplacer_input_rd2sm = ..\..\minplacer\00001_pa01_00002_setup\minplacer.rnode2sm_def
                            verbose = 1
       minplacer_accept_stop_signal = ..\..\minplacer\stop_all.txt
         minplacer_input_rd2sitepin = ..\..\minplacer\00001_pa01_00002_setup\minplacer.rnode2sitepin_def
minplacer_report_timing_side_effect = 0
            minplacer_output_rbbloc = ..\..\minplacer\00001_pa01_00004_repopt\minplacer_rbbloc.txt
         minplacer_pann_random_walk = 3
                 minplacer_flow_rep = 1
            minplacer_input_chipdef = ..\..\minplacer\00001_pa01_00002_setup\minplacer.chip_def
      minplacer_accept_stop_signal2 = ..\..\minplacer\stop_00001_pa01_.txt
                eflx_call_minplacer = 00001_pa01_00004_repopt__out__top
                  minplacer_max_cpu = 1
                          qor_stats = 1
                  rfinder_use_table = 0
       minplacer_input_branchdlydef = ..\..\minplacer\00001_pa01_00002_setup\minplacer.branchdly_def
                       print_screen = ..\_00001_pa01_stdout.txt
             minplacer_input_rgraph = ..\..\minplacer\00001_pa01_00002_setup\minplacer.rgraph_def
                     ta_report_hold = 1
          minplacer_input_clklatdef = ..\..\minplacer\00001_pa01_00002_setup\minplacer.clklat_def
Report CFG end:
PLACER_STANDALONE STARTS.
	INPUTS:
	minplacer_input_edif=..\..\minplacer\00001_pa01_00002_setup\minplacer.edf
	minplacer_input_chipdef=..\..\minplacer\00001_pa01_00002_setup\minplacer.chip_def
	minplacer_input_ramdef=<none>
	minplacer_input_timingdef=..\..\minplacer\00001_pa01_00002_setup\minplacer.timing_def
	minplacer_input_clklatdef=..\..\minplacer\00001_pa01_00002_setup\minplacer.clklat_def
	minplacer_input_rbbloc=..\..\minplacer\00001_pa01_00003_wl\minplacer_rbbloc.txt
	minplacer_input_tilerange=<none>
	minplacer_input_nledit=<none>
	minplacer_input_rgraph=..\..\minplacer\00001_pa01_00002_setup\minplacer.rgraph_def
	minplacer_input_rd2sm=..\..\minplacer\00001_pa01_00002_setup\minplacer.rnode2sm_def
	minplacer_input_rd2sitepin=..\..\minplacer\00001_pa01_00002_setup\minplacer.rnode2sitepin_def
	minplacer_input_branchdlydef=..\..\minplacer\00001_pa01_00002_setup\minplacer.branchdly_def
	minplacer_input_ravecs=<none>
	minplacer_input_rstarting_priority=<none>
	OUTPUTS:
	minplacer_output_edif=<none>
	minplacer_output_timingdef=<none>
	minplacer_output_clklatdef=<none>
	minplacer_output_rbbloc=..\..\minplacer\00001_pa01_00004_repopt\minplacer_rbbloc.txt
	minplacer_output_vacant_lrbbloc=..\..\minplacer\00001_pa01_00004_repopt\minplacer_vacant_lrbbloc.txt
	minplacer_output_clkloc=..\..\minplacer\00001_pa01_00004_repopt\minplacer_clkloc.txt
	minplacer_output_rteloc=<none>
	minplacer_output_tilerange=<none>
	minplacer_output_nledit=..\..\minplacer\00001_pa01_00004_repopt\minplacer_nledit.txt
	minplacer_output_branchdlydef=<none>
	minplacer_output_ravecs=<none>
	minplacer_output_rstarting_priority=<none>
pProblemIni. isNmax=0 inflat=0 mem_dump_mode=0
Set ARRAYINFO: 32x32
ARRAYINFO: locs_per_tile=[32,32] pos_interval=[10,10] boundary_penalty=[20,10] l_shift_x0,xmult,yvalue=<1,3,0> max_iob_width=4 is_x2=0 clock=<max-num=2,max-inv=1,inv-noninv-as-one=false,ram-independent=false>
SITETYPE L LAYER=L SIDE=WEST NPIN=26/14
SITETYPE l LAYER=L SIDE=WEST NPIN=26/14
SITETYPE M LAYER=M SIDE=WEST NPIN=26/14
SITETYPE m LAYER=M SIDE=WEST NPIN=26/14
SITETYPE D LAYER=DSP SIDE=WEST NPIN=238/190
SITETYPE b LAYER=IOB SIDE=WEST NPIN=4/2
SITETYPE N LAYER=NCLT SIDE=WEST NPIN=96/48
SITETYPE R LAYER=RCLT SIDE=WEST NPIN=96/48
Getting tinfo M 0 0 64/64
Skip tile size [64,64] for TILE M X64Y64. Expecting [32,32]
Getting tinfo D 0 0 64/64
Skip tile size [64,64] for TILE D X64Y64. Expecting [32,32]
Getting tinfo I 0 0 64/64
Skip tile size [64,64] for TILE I X64Y64. Expecting [32,32]
Getting tinfo N 0 0 64/64
Skip tile size [64,64] for TILE N X64Y64. Expecting [32,32]
Getting tinfo Z 0 0 64/64
Skip tile size [64,64] for TILE Z X64Y64. Expecting [32,32]
Getting tinfo M 0 0 32/32
Getting tinfo M 10 0 64/64
Skip tile size [64,64] for TILEWHITE M 10 0 X64Y64. Expecting [32,32]
Getting tinfo M 20 0 64/64
Skip tile size [64,64] for TILEWHITE M 20 0 X64Y64. Expecting [32,32]
Getting tinfo M 30 0 64/64
Skip tile size [64,64] for TILEWHITE M 30 0 X64Y64. Expecting [32,32]
Getting tinfo D 10 0 64/64
Skip tile size [64,64] for TILEWHITE D 10 0 X64Y64. Expecting [32,32]
Getting tinfo D 20 0 64/64
Skip tile size [64,64] for TILEWHITE D 20 0 X64Y64. Expecting [32,32]
Getting tinfo D 30 0 64/64
Skip tile size [64,64] for TILEWHITE D 30 0 X64Y64. Expecting [32,32]
Getting tinfo I 10 0 64/64
Skip tile size [64,64] for TILEWHITE I 10 0 X64Y64. Expecting [32,32]
Getting tinfo I 20 0 64/64
Skip tile size [64,64] for TILEWHITE I 20 0 X64Y64. Expecting [32,32]
Getting tinfo I 30 0 64/64
Skip tile size [64,64] for TILEWHITE I 30 0 X64Y64. Expecting [32,32]
Getting tinfo N 99 0 64/64
Skip tile size [64,64] for TILEWHITE N 99 0 X64Y64. Expecting [32,32]
Getting tinfo Z 99 0 64/64
Skip tile size [64,64] for TILEWHITE Z 99 0 X64Y64. Expecting [32,32]
GeometryDumpMap starts.
GeometryDumpMap ends.
GeometryDumpMap starts.
GeometryDumpMap ends.
Layer[L] has 14/10 sites, total_cap=140
Layer[M] has 4/10 sites, total_cap=40
Layer[DSP] has 0/0 sites, total_cap=0
Layer[NCLT] has 0/0 sites, total_cap=0
Layer[RCLT] has 0/0 sites, total_cap=0
Setup 40 LM mapping.
Layer[ZIOB] has 0/0 sites, total_cap=0
GeometryDumpLayers starts.
GeometryDumpLayers ends.
pProblemIni. eramclkAsClock=1
pProblemIniNetlist. skip_hifi=0, skip_pppff=2147483647
Netlist=NETLIST_top NumInst=26 NumNet=73
NumPinst=24
	DontPlace=0, NonRootRbbChainMember=0, NonRootDspChainMember=0, Const=1, ClkBuf=1
There are 26 instances. After combining instances in chains, there are 24 instances to place.
	Clock[0] OrigClock[0] net (net_index=2) clk
NumPnet=71
NumTrivial=0 NumDriverless=0
AverageFO=2.49 #HifiNet=0 AverageFO_HifiNet=0.00
NumClk=1 (with 0 inverted)
There are 71 nets in the design. Average fanout is 2.49.
There is 1 clock in the design.
NumInsts=24
Resource usages:
 Type=L: Capacity=140 Utilized=15 NumInst=15. [ChainLen=1]=15
 Type=M: Capacity=40 Utilized=0 NumInst=0.
 Type=IOB: Capacity=184 Utilized=9 NumInst=9.
Min-placement step: Replication (mode=1).


REP(mode=1) STARTS
pDelayLibIni read 0 in-tile and 255 cross-tile data points (220 extrapolated) from C:\Program Files\Renesas Electronics\Go Configure Software Hub\external\eda-placer\v23\placedelaylib.txt
pDelayLibIni. pdelay_estimate_pppff_delay=120
TileRange read: File is not given. Use whole chip.
Read 24 RBB-locations from EFLX file.
Reading timing_def file ..\..\minplacer\00001_pa01_00002_setup\minplacer.timing_def
pPipeAlloc: OptMode=1 PppFfInsertDone=0 MinPipeRtDly=98 #Chain=0 AveChainLen=0.0 MaxChainLen=0 #Net=0 AveChainFan=0.0 MaxChainFan=0 #MixedZeroFan=0 Opt_UseLatency=0 OptLine_RightSlack_WorseThreshold=100
(0) INI TWL = 5270(2220, 3050) ELAPSE=9
CROSS-TILE STAT: [0]=177
(1) OPT TWL = 5270(2220, 3050) ELAPSE=9
(2) FIN TWL = 5270(2220, 3050) ELAPSE=9
CROSS-TILE STAT: [0]=177
Wrote 15 RBB-locations out of 15 core insts and 0 chained insts to EFLX file ..\..\minplacer\00001_pa01_00004_repopt\minplacer_rbbloc.txt.
Wrote 9 RBB-locations out of 9 IOB insts to EFLX file ..\..\minplacer\00001_pa01_00004_repopt\minplacer_rbbloc.txt.
Wrote 0 RBB-locations out of 9 INTIOB insts to EFLX file ..\..\minplacer\00001_pa01_00004_repopt\minplacer_rbbloc.txt.
CLOCKPLAN_INI_NETLIST: NUM_CLOCKS=1 NUM_PINSTS=24
	 #Inst/Usage        L           M         DSP       SPRAM       UPRAM       2PRAM         IOB        ZIOB        NCLT        RCLT      
	   CLOCK[ 0]*    15(   15)                                                                                                            
	   NON_CLOCK                                                                                                                          
CLOCKPLAN_INI_GEO: NUM_TILE_SLICES=1/1
{Rsc/Util/MinThre={L=140/15/50 ,M=40/0/8 ,DSP=0/0/4 ,SPRAM=0/0/0 ,UPRAM=0/0/0 ,2PRAM=0/0/0 ,IOB=184/9/16 ,ZIOB=0/0/0 ,NCLT=0/0/0 ,RCLT=0/0/0}
CLOCKPLAN_INI_PORTLOCKS
	CLOCK[0]* port locks:
		{IX0Y0S1I0}
BuildGaps
	GAPS[0]: - -
	GAPS[1]: - -
CreateReachables:
	CLOCK[0] reachables: [0,0]
	CLOCK[0] distance: 0
AssignPorts skipped as all clocks have locked ports.
ClockPortFile ..\..\minplacer\00001_pa01_00004_repopt\minplacer_clkloc.txt written.

*********************************** TILE REPORT ***************************************
|------------------------|
|TILE_X0Y0               |
|#INST=24                |
|#CLK=1 #INVCLK=0        |
|#ERAM_CP    0           |
|#         0   0         |
|#           0           |
|*                       |
|sa0*                    |
|L=15 C15                |
|IOB=9 C7                |
|------------------------|
CLUSTER[0] LAYER0=L TILE=[0,0] CLK=<0,-1> ERAMCLK=<15,0> REGION=<none>
 {L=15 C15 IOB=9 C7 LCHAIN=0 DCHAIN=0} #NEI=0 REACHABLES:
CLOCK[0] #LockedPort=1 #AssignedPort=0 #OutputPort=0 TX0Y0={#Cluster=1 L=15 IOB=9}
*********************************** TILE REPORT ***************************************


Placement timing:
         Clock        Group  Achievable Frequency(MHz)
--------------  -----------  -------------------------
           clk   <UDEF_clk>                   235.183 


pDelayLibFin
REP ENDS

pProblemFin.
Min-placement step ends: Replication (mode=1). Runtime: 0:0:16 (CPU time), 0:0:16 (real time); peak memory: 1337MB.


The current time is Sat Jun 20 21:20:15 2026



