net 6: (18 7)->(18 6) 0 1 0 0 #timing (700 700) ps polarity 1
net 6: (18 6)->(18 6) 1 0 0 0 #timing (788 791) ps polarity 0
net 6: (18 6)->(18 10) 3 4 0 1 #timing (1216 1112) ps  polarity 0
net 6: (18 10)->(18 8) 1 1 0 1 #timing (1356 1244) ps  polarity 1
net 6: (18 8)->(18 8) 0 0 0 1 #timing (1380 1498) ps  polarity 0
net 10: (7 0)->(7 0) 0 0 0 0 #timing (1 1) ps polarity 1
net 10: (7 0)->(5 2) 1 3 0 0 #timing (144 126) ps polarity 0
net 10: (5 2)->(9 2) 4 5 0 0 #timing (507 500) ps polarity 0
net 10: (9 2)->(13 2) 4 2 0 1 #timing (806 762) ps  polarity 0
net 10: (13 2)->(13 6) 3 1 0 1 #timing (1099 1006) ps  polarity 0
net 10: (13 6)->(13 6) 1 0 0 1 #timing (1205 1114) ps  polarity 1
net 10: (13 6)->(12 6) 0 2 0 1 #timing (1244 1323) ps  polarity 0
net 10: (13 6)->(15 6) 1 2 0 1 #timing (1266 1153) ps  polarity 1
net 10: (15 6)->(14 6) 0 2 0 1 #timing (1295 1414) ps  polarity 0
net 11: (15 9)->(15 8) 0 1 0 0 #timing (700 700) ps polarity 1
net 11: (15 8)->(15 8) 1 0 0 0 #timing (781 781) ps polarity 0
net 11: (15 8)->(15 8) 1 0 0 1 #timing (986 952) ps  polarity 1
net 11: (15 8)->(15 9) 0 1 0 1 #timing (1098 1110) ps  polarity 0
net 13: (17 9)->(17 9) 0 0 0 0 #timing (686 686) ps polarity 1
net 13: (17 9)->(19 11) 1 3 0 0 #timing (835 813) ps polarity 0
net 13: (19 11)->(19 11) 1 0 0 1 #timing (1079 1038) ps  polarity 1
net 13: (19 11)->(19 10) 0 1 0 1 #timing (1156 1189) ps  polarity 0
net 13: (19 11)->(15 11) 4 5 0 0 #timing (1117 1147) ps polarity 0
net 13: (15 11)->(15 9) 1 1 0 1 #timing (1391 1323) ps  polarity 1
net 13: (15 9)->(15 8) 0 1 0 1 #timing (1453 1528) ps  polarity 0
net 14: (22 12)->(22 12) 0 0 0 0 #timing (706 706) ps polarity 1
net 14: (22 12)->(20 14) 1 3 0 0 #timing (864 839) ps polarity 0
net 14: (20 14)->(20 10) 3 1 0 0 #timing (1128 1149) ps polarity 0
net 14: (20 10)->(20 10) 1 0 1 1 #timing (1341 1325) ps  polarity 1
net 14: (20 10)->(21 10) 0 2 0 1 #timing (1446 1453) ps  polarity 0
net 15: (20 10)->(20 10) 0 0 0 0 #timing (649 649) ps polarity 1
net 15: (20 10)->(22 8) 1 3 0 0 #timing (836 795) ps polarity 0
net 15: (22 8)->(20 10) 1 3 0 1 #timing (1167 1073) ps  polarity 1
net 15: (20 10)->(20 10) 0 0 0 1 #timing (1202 1329) ps  polarity 0
net 16: (21 12)->(20 12) 0 2 0 0 #timing (665 665) ps polarity 1
net 16: (20 12)->(20 14) 1 1 0 0 #timing (775 766) ps polarity 0
net 16: (20 14)->(20 10) 3 1 0 1 #timing (1210 1107) ps  polarity 0
net 16: (20 10)->(20 10) 1 0 0 1 #timing (1307 1210) ps  polarity 1
net 16: (20 10)->(21 11) 0 3 0 1 #timing (1351 1430) ps  polarity 0
net 17: (20 12)->(21 12) 0 2 0 0 #timing (704 704) ps polarity 1
net 17: (21 12)->(21 14) 1 1 0 0 #timing (814 808) ps polarity 0
net 17: (21 14)->(21 10) 3 1 0 0 #timing (1086 1063) ps polarity 0
net 17: (21 10)->(21 10) 1 0 0 1 #timing (1299 1242) ps  polarity 1
net 17: (21 10)->(20 11) 0 3 0 1 #timing (1403 1432) ps  polarity 0
net 18: (12 6)->(13 7) 0 3 0 0 #timing (674 674) ps polarity 1
net 18: (13 7)->(15 7) 1 2 0 0 #timing (818 804) ps polarity 0
net 18: (15 7)->(15 7) 1 0 0 1 #timing (1046 1010) ps  polarity 1
net 18: (15 7)->(14 6) 0 3 0 1 #timing (1158 1170) ps  polarity 0
net 18: (15 7)->(15 11) 3 4 0 0 #timing (1116 1104) ps polarity 0
net 18: (15 11)->(11 11) 4 2 0 0 #timing (1387 1354) ps polarity 0
net 18: (11 11)->(11 9) 1 1 0 1 #timing (1612 1601) ps  polarity 1
net 18: (11 9)->(11 8) 0 1 0 1 #timing (1731 1748) ps  polarity 0
net 19: (11 7)->(11 7) 0 0 0 0 #timing (762 762) ps polarity 1
net 19: (11 7)->(9 5) 1 3 0 0 #timing (946 903) ps polarity 0
net 19: (9 5)->(9 9) 3 4 0 0 #timing (1244 1266) ps polarity 0
net 19: (9 9)->(11 9) 1 2 0 1 #timing (1551 1503) ps  polarity 1
net 19: (11 9)->(10 8) 0 3 0 1 #timing (1629 1706) ps  polarity 0
net 19: (9 9)->(13 9) 4 2 0 0 #timing (1587 1574) ps polarity 0
net 19: (13 9)->(13 9) 1 0 1 1 #timing (1792 1777) ps  polarity 1
net 19: (13 9)->(13 8) 0 1 0 1 #timing (1893 1902) ps  polarity 0
net 20: (10 7)->(10 7) 0 0 0 0 #timing (680 680) ps polarity 1
net 20: (10 7)->(8 5) 1 3 0 0 #timing (846 815) ps polarity 0
net 20: (8 5)->(8 9) 3 4 0 0 #timing (1189 1176) ps polarity 0
net 20: (8 9)->(10 9) 1 2 0 1 #timing (1431 1292) ps 
net 20: (8 9)->(12 9) 4 2 0 0 #timing (1458 1438) ps polarity 0
net 20: (12 9)->(12 9) 1 0 1 1 #timing (1641 1634) ps  polarity 1
net 20: (12 9)->(12 8) 0 1 0 1 #timing (1763 1758) ps  polarity 0
net 20: (8 5)->(8 9) 3 4 0 1 #timing (1311 1176) ps  polarity 0
net 20: (8 9)->(10 9) 1 2 0 1 #timing (1431 1292) ps  polarity 1
net 20: (10 9)->(11 9) 0 2 0 1 #timing (1409 1549) ps  polarity 0
net 21: (11 8)->(10 9) 0 3 0 0 #timing (188 188) ps polarity 1
net 21: (10 9)->(8 11) 1 3 0 0 #timing (358 325) ps polarity 0
net 21: (8 11)->(10 9) 1 3 0 1 #timing (643 574) ps  polarity 1
net 21: (10 9)->(10 9) 0 0 0 1 #timing (718 794) ps  polarity 0
net 21: (8 11)->(12 11) 4 2 0 0 #timing (616 666) ps polarity 0
net 21: (12 11)->(12 9) 1 1 0 1 #timing (913 823) ps  polarity 1
net 21: (12 9)->(13 9) 0 2 0 1 #timing (969 1058) ps  polarity 0
net 22: (10 8)->(10 9) 0 1 0 0 #timing (180 180) ps polarity 1
net 22: (10 9)->(8 9) 1 2 0 0 #timing (294 284) ps polarity 0
net 22: (8 9)->(12 9) 4 2 0 1 #timing (677 614) ps  polarity 0
net 22: (12 9)->(12 9) 1 0 0 1 #timing (866 781) ps  polarity 1
net 22: (12 9)->(12 9) 0 0 0 1 #timing (895 976) ps  polarity 0
net 22: (10 8)->(11 9) 0 3 0 0 #timing (191 191) ps polarity 1
net 22: (11 9)->(11 11) 1 1 0 0 #timing (315 306) ps polarity 0
net 22: (11 11)->(11 7) 3 4 0 0 #timing (602 575) ps polarity 0
net 22: (11 7)->(11 7) 1 0 1 1 #timing (814 753) ps  polarity 1
net 22: (11 7)->(10 7) 0 2 0 1 #timing (885 933) ps  polarity 0
net 23: (11 9)->(11 8) 0 1 0 0 #timing (700 700) ps polarity 1
net 23: (11 8)->(9 10) 1 3 0 0 #timing (871 836) ps polarity 0
net 23: (9 10)->(9 6) 3 4 0 0 #timing (1164 1200) ps polarity 0
net 23: (9 6)->(11 6) 1 2 0 1 #timing (1446 1426) ps  polarity 1
net 23: (11 6)->(10 7) 0 3 0 1 #timing (1613 1642) ps  polarity 0
net 23: (9 6)->(13 6) 4 2 0 0 #timing (1509 1507) ps polarity 0
net 23: (13 6)->(13 6) 1 0 1 1 #timing (1723 1695) ps  polarity 1
net 23: (13 6)->(12 7) 0 3 0 1 #timing (1852 1853) ps  polarity 0
net 24: (10 9)->(11 9) 0 2 0 0 #timing (738 738) ps polarity 1
net 24: (11 9)->(9 9) 1 2 0 0 #timing (849 843) ps polarity 0
net 24: (9 9)->(13 9) 4 2 0 1 #timing (1265 1197) ps  polarity 0
net 24: (13 9)->(13 5) 3 4 0 1 #timing (1631 1477) ps  polarity 0
net 24: (13 5)->(13 7) 1 1 0 1 #timing (1763 1606) ps  polarity 1
net 24: (13 7)->(12 7) 0 2 0 1 #timing (1751 1913) ps  polarity 0
net 25: (24 0)->(25 1) 0 3 0 0 #timing (823 823) ps polarity 0
net 25: (25 1)->(27 3) 1 3 0 0 #timing (971 952) ps polarity 1
net 25: (27 3)->(27 3) 5 0 1 0 #timing (1084 1155) ps polarity 0
net 25: (27 3)->(19 11) 5 3 0 1 #timing (1735 1800) ps  polarity 0
net 25: (19 11)->(15 11) 4 5 0 1 #timing (2179 2054) ps  polarity 1
net 25: (15 11)->(15 7) 3 4 0 1 #timing (2486 2300) ps  polarity 1
net 25: (15 7)->(15 7) 1 0 1 1 #timing (2578 2398) ps  polarity 0
net 25: (15 7)->(14 7) 0 2 0 1 #timing (2529 2697) ps  polarity 1
net 26: (6 0)->(6 1) 0 1 0 0 #timing (815 815) ps polarity 1
net 26: (6 1)->(6 3) 1 1 0 0 #timing (942 934) ps polarity 0
net 26: (6 3)->(10 3) 4 5 0 0 #timing (1279 1253) ps polarity 0
net 26: (10 3)->(14 3) 4 2 0 1 #timing (1579 1517) ps  polarity 0
net 26: (14 3)->(14 7) 3 1 0 1 #timing (1846 1740) ps  polarity 0
net 26: (14 7)->(14 7) 1 0 1 1 #timing (1948 1844) ps  polarity 1
net 26: (14 7)->(14 7) 0 0 0 1 #timing (1979 2068) ps  polarity 0
net 26: (6 0)->(7 1) 0 3 0 0 #timing (823 823) ps polarity 1
net 26: (7 1)->(7 1) 1 0 0 0 #timing (899 905) ps polarity 0
net 26: (7 1)->(11 1) 4 5 0 0 #timing (1252 1184) ps polarity 0
net 26: (11 1)->(15 1) 4 2 0 1 #timing (1569 1467) ps  polarity 0
net 26: (15 1)->(15 5) 3 1 0 1 #timing (1864 1707) ps  polarity 0
net 26: (15 5)->(15 7) 1 1 0 1 #timing (2006 1842) ps  polarity 1
net 26: (15 7)->(15 7) 0 0 0 1 #timing (1980 2155) ps  polarity 0
net 26: (11 1)->(11 1) 5 0 0 0 #timing (1396 1339) ps polarity 1
net 26: (11 1)->(11 9) 5 1 0 1 #timing (1758 1700) ps  polarity 0
net 26: (11 9)->(11 9) 1 0 0 1 #timing (1905 1929) ps  polarity 1
net 26: (11 9)->(11 9) 0 0 0 1 #timing (2030 2007) ps  polarity 0
net 26: (7 1)->(7 1) 5 0 0 0 #timing (1007 1018) ps polarity 1
net 26: (7 1)->(15 9) 5 3 0 1 #timing (1717 1699) ps  polarity 1
net 26: (15 9)->(19 9) 4 5 0 1 #timing (2058 2060) ps  polarity 0
net 26: (19 9)->(19 9) 1 0 1 1 #timing (2246 2222) ps  polarity 1
net 26: (19 9)->(19 9) 0 0 0 1 #timing (2322 2347) ps  polarity 0
net 26: (19 9)->(18 9) 0 2 0 1 #timing (2346 2361) ps  polarity 0
net 26: (19 9)->(19 13) 3 1 0 1 #timing (2342 2287) ps  polarity 0
net 26: (19 13)->(19 13) 1 0 0 1 #timing (2439 2390) ps  polarity 1
net 26: (19 13)->(19 12) 0 1 0 1 #timing (2518 2555) ps  polarity 0
net 27: (14 9)->(15 8) 0 3 0 0 #timing (743 743) ps polarity 1
net 27: (15 8)->(13 8) 1 2 0 0 #timing (886 868) ps polarity 0
net 27: (13 8)->(13 12) 3 1 0 1 #timing (1307 1204) ps  polarity 0
net 27: (13 12)->(13 12) 1 0 1 1 #timing (1405 1306) ps  polarity 1
net 27: (13 12)->(12 12) 0 2 0 1 #timing (1436 1522) ps  polarity 0
net 27: (13 8)->(13 4) 3 4 0 0 #timing (1147 1149) ps polarity 0
net 27: (13 4)->(17 4) 4 5 0 0 #timing (1512 1462) ps polarity 0
net 27: (17 4)->(17 6) 1 1 0 1 #timing (1695 1710) ps  polarity 1
net 27: (17 6)->(16 7) 0 3 0 1 #timing (1882 1854) ps  polarity 0
net 27: (13 4)->(13 4) 5 0 1 0 #timing (1279 1294) ps polarity 1
net 27: (13 4)->(13 20) 13 1 0 0 #timing (1958 1813) ps polarity 0
net 27: (13 20)->(5 28) 5 3 0 1 #timing (2694 2534) ps  polarity 0
net 27: (5 28)->(7 30) 1 3 0 1 #timing (2959 2760) ps  polarity 0
net 27: (7 30)->(6 31) 0 3 0 1 #timing (2946 3151) ps  polarity 1
net 28: (15 6)->(15 7) 0 1 0 0 #timing (690 690) ps polarity 1
net 28: (15 7)->(13 5) 1 3 0 0 #timing (873 833) ps polarity 0
net 28: (13 5)->(17 5) 4 5 0 1 #timing (1327 1213) ps  polarity 0
net 28: (17 5)->(17 7) 1 1 0 1 #timing (1558 1408) ps  polarity 1
net 28: (17 7)->(16 7) 0 2 0 1 #timing (1550 1704) ps  polarity 0
net 28: (13 5)->(13 5) 5 0 0 0 #timing (957 1045) ps polarity 1
net 28: (13 5)->(13 21) 13 1 0 0 #timing (1666 1461) ps polarity 0
net 28: (13 21)->(5 29) 5 3 0 1 #timing (2367 2144) ps  polarity 0
net 28: (5 29)->(7 31) 1 3 0 1 #timing (2627 2361) ps  polarity 0
net 28: (7 31)->(6 31) 0 2 0 1 #timing (2519 2804) ps  polarity 1
net 29: (14 6)->(15 6) 0 2 0 0 #timing (704 704) ps polarity 1
net 29: (15 6)->(13 4) 1 3 0 0 #timing (873 845) ps polarity 0
net 29: (13 4)->(13 8) 3 4 0 0 #timing (1154 1166) ps polarity 0
net 29: (13 8)->(17 8) 4 5 0 0 #timing (1512 1474) ps polarity 0
net 29: (17 8)->(17 8) 1 0 1 1 #timing (1668 1681) ps  polarity 1
net 29: (17 8)->(16 9) 0 3 0 1 #timing (1826 1792) ps  polarity 0
net 30: (13 7)->(13 7) 0 0 0 0 #timing (762 762) ps polarity 1
net 30: (13 7)->(15 5) 1 3 0 0 #timing (926 892) ps polarity 0
net 30: (15 5)->(15 9) 3 4 0 0 #timing (1186 1200) ps polarity 0
net 30: (15 9)->(19 9) 4 5 0 0 #timing (1528 1498) ps polarity 0
net 30: (19 9)->(17 9) 1 2 0 1 #timing (1731 1723) ps  polarity 1
net 30: (17 9)->(17 9) 0 0 0 1 #timing (1840 1872) ps  polarity 0
net 31: (12 7)->(12 7) 0 0 0 0 #timing (680 680) ps polarity 1
net 31: (12 7)->(14 5) 1 3 0 0 #timing (867 827) ps polarity 0
net 31: (14 5)->(14 9) 3 4 0 0 #timing (1171 1177) ps polarity 0
net 31: (14 9)->(18 9) 4 5 0 0 #timing (1468 1452) ps polarity 0
net 31: (18 9)->(16 9) 1 2 0 1 #timing (1714 1682) ps  polarity 1
net 31: (16 9)->(16 8) 0 1 0 1 #timing (1816 1854) ps  polarity 0
net 32: (13 8)->(13 9) 0 1 0 0 #timing (174 174) ps polarity 1
net 32: (13 9)->(15 11) 1 3 0 0 #timing (336 309) ps polarity 0
net 32: (15 11)->(19 11) 4 5 0 1 #timing (798 705) ps  polarity 0
net 32: (19 11)->(17 9) 1 3 0 1 #timing (1078 928) ps  polarity 1
net 32: (17 9)->(17 8) 0 1 0 1 #timing (1069 1243) ps  polarity 0
net 33: (12 8)->(12 8) 0 0 0 0 #timing (163 163) ps polarity 1
net 33: (12 8)->(14 10) 1 3 0 0 #timing (322 294) ps polarity 0
net 33: (14 10)->(14 14) 3 1 0 1 #timing (747 642) ps  polarity 0
net 33: (14 14)->(12 12) 1 3 0 1 #timing (934 801) ps  polarity 1
net 33: (12 12)->(12 12) 0 0 0 1 #timing (924 1082) ps  polarity 0
net 34: (13 9)->(12 8) 0 3 0 0 #timing (702 702) ps polarity 1
net 34: (12 8)->(12 10) 1 1 0 0 #timing (830 819) ps polarity 0
net 34: (12 10)->(12 6) 3 4 0 0 #timing (1094 1088) ps polarity 0
net 34: (12 6)->(16 6) 4 5 0 0 #timing (1391 1361) ps polarity 0
net 34: (16 6)->(16 6) 1 0 1 1 #timing (1554 1560) ps  polarity 1
net 34: (16 6)->(16 7) 0 1 0 1 #timing (1707 1680) ps  polarity 0
net 35: (12 9)->(13 9) 0 2 0 0 #timing (738 738) ps polarity 1
net 35: (13 9)->(13 9) 1 0 0 0 #timing (815 819) ps polarity 0
net 35: (13 9)->(13 13) 3 1 0 1 #timing (1199 1116) ps  polarity 0
net 35: (13 13)->(13 13) 1 0 1 1 #timing (1300 1220) ps  polarity 1
net 35: (13 13)->(12 12) 0 3 0 1 #timing (1369 1425) ps  polarity 0
net 36: (18 11)->(19 11) 0 2 0 0 #timing (174 174) ps polarity 1
net 36: (19 11)->(17 11) 1 2 0 0 #timing (314 299) ps polarity 0
net 36: (17 11)->(13 11) 4 5 0 0 #timing (578 593) ps polarity 0
net 36: (13 11)->(13 9) 1 1 0 1 #timing (835 784) ps  polarity 1
net 36: (13 9)->(12 9) 0 2 0 1 #timing (928 980) ps  polarity 0
net 37: (10 0)->(10 0) 0 0 0 0 #timing (804 804) ps polarity 0
net 37: (10 0)->(10 0) 1 0 0 0 #timing (883 885) ps polarity 1
net 37: (10 0)->(14 0) 4 2 0 0 #timing (1193 1151) ps polarity 1
net 37: (14 0)->(18 0) 4 5 0 1 #timing (1568 1461) ps  polarity 1
net 37: (18 0)->(18 4) 3 1 0 1 #timing (1885 1711) ps  polarity 1
net 37: (18 4)->(18 6) 1 1 0 1 #timing (2032 1851) ps  polarity 0
net 37: (18 6)->(18 6) 0 0 0 1 #timing (1989 2177) ps  polarity 1
net 38: (9 0)->(9 0) 0 0 0 0 #timing (767 767) ps polarity 1
net 38: (9 0)->(11 2) 1 3 0 0 #timing (949 915) ps polarity 0
net 38: (11 2)->(15 2) 4 2 0 0 #timing (1311 1328) ps polarity 0
net 38: (15 2)->(19 2) 4 5 0 1 #timing (1668 1614) ps  polarity 0
net 38: (19 2)->(19 6) 3 1 0 1 #timing (1944 1844) ps  polarity 0
net 38: (19 6)->(19 4) 1 1 0 1 #timing (2084 1978) ps  polarity 1
net 38: (19 4)->(18 4) 0 2 0 1 #timing (2122 2231) ps  polarity 0
net 38: (19 4)->(18 5) 0 3 0 1 #timing (2123 2232) ps  polarity 0
net 38: (15 2)->(15 2) 5 0 1 0 #timing (1435 1466) ps polarity 1
net 38: (15 2)->(15 10) 5 1 0 1 #timing (1761 1800) ps  polarity 0
net 38: (15 10)->(15 8) 1 1 0 1 #timing (2047 1961) ps  polarity 1
net 38: (15 8)->(15 8) 0 0 0 1 #timing (2120 2201) ps  polarity 0
net 38: (15 10)->(19 10) 4 5 0 1 #timing (2071 2060) ps  polarity 0
net 38: (19 10)->(19 8) 1 1 0 1 #timing (2303 2256) ps  polarity 1
net 38: (19 8)->(18 8) 0 2 0 1 #timing (2395 2447) ps  polarity 0
net 38: (15 2)->(30 2) 13 2 1 0 #timing (2075 1927) ps polarity 0
net 38: (30 2)->(22 10) 5 3 0 1 #timing (2832 2674) ps  polarity 0
net 38: (22 10)->(20 8) 1 3 0 1 #timing (3129 2916) ps  polarity 0
net 38: (20 8)->(20 8) 0 0 0 1 #timing (3044 3283) ps  polarity 1
net 38: (20 8)->(20 9) 0 1 0 1 #timing (3065 3297) ps  polarity 1
net 38: (20 8)->(21 9) 0 3 0 1 #timing (3064 3297) ps  polarity 1
net 38: (22 10)->(22 6) 3 4 0 1 #timing (3211 2990) ps  polarity 1
net 38: (22 6)->(20 4) 1 3 0 1 #timing (3430 3171) ps  polarity 0
net 38: (20 4)->(20 5) 0 1 0 1 #timing (3383 3629) ps  polarity 1
net 39: (21 9)->(21 9) 0 0 0 0 #timing (686 686) ps polarity 1
net 39: (21 9)->(23 11) 1 3 0 0 #timing (823 807) ps polarity 0
net 39: (23 11)->(21 9) 1 3 0 1 #timing (1143 1078) ps  polarity 1
net 39: (21 9)->(21 9) 0 0 0 1 #timing (1208 1300) ps  polarity 0
net 39: (21 9)->(20 9) 0 2 0 1 #timing (1197 1293) ps  polarity 0
net 40: (18 10)->(18 11) 0 1 0 0 #timing (656 656) ps polarity 1
net 40: (18 11)->(16 9) 1 3 0 0 #timing (838 799) ps polarity 0
net 40: (16 9)->(18 11) 1 3 0 1 #timing (1159 1070) ps  polarity 1
net 40: (18 11)->(18 10) 0 1 0 1 #timing (1223 1333) ps  polarity 0
net 40: (18 11)->(19 11) 0 2 0 1 #timing (1205 1321) ps  polarity 0
net 41: (17 7)->(17 6) 0 1 0 0 #timing (719 719) ps polarity 1
net 41: (17 6)->(17 4) 1 1 0 0 #timing (839 831) ps polarity 0
net 41: (17 4)->(17 8) 3 4 0 0 #timing (1181 1137) ps polarity 0
net 41: (17 8)->(19 10) 1 3 0 1 #timing (1449 1320) ps 
net 41: (17 8)->(21 8) 4 2 0 0 #timing (1511 1427) ps polarity 0
net 41: (21 8)->(21 8) 1 0 1 1 #timing (1630 1686) ps  polarity 1
net 41: (21 8)->(20 8) 0 2 0 1 #timing (1808 1743) ps  polarity 0
net 41: (17 4)->(17 8) 3 4 0 1 #timing (1263 1157) ps  polarity 0
net 41: (17 8)->(19 10) 1 3 0 1 #timing (1449 1320) ps  polarity 1
net 41: (19 10)->(19 11) 0 1 0 1 #timing (1488 1625) ps  polarity 0
net 43: (20 6)->(21 7) 0 3 0 0 #timing (675 675) ps polarity 1
net 43: (21 7)->(23 5) 1 3 0 0 #timing (876 829) ps polarity 0
net 43: (23 5)->(21 5) 1 2 0 1 #timing (1149 1065) ps  polarity 1
net 43: (21 5)->(20 5) 0 2 0 1 #timing (1173 1277) ps  polarity 0
net 43: (23 5)->(23 9) 3 4 0 0 #timing (1229 1218) ps polarity 0
net 43: (23 9)->(21 9) 1 2 0 1 #timing (1483 1427) ps  polarity 1
net 43: (21 9)->(20 8) 0 3 0 1 #timing (1539 1614) ps  polarity 0
net 47: (17 8)->(16 9) 0 3 0 0 #timing (188 188) ps polarity 1
net 47: (16 9)->(18 11) 1 3 0 0 #timing (351 324) ps polarity 0
net 47: (18 11)->(18 9) 1 1 0 1 #timing (641 584) ps  polarity 1
net 47: (18 9)->(18 9) 0 0 0 1 #timing (719 781) ps  polarity 0
net 47: (18 11)->(14 11) 4 5 0 0 #timing (653 687) ps polarity 0
net 47: (14 11)->(14 11) 5 0 1 0 #timing (782 833) ps polarity 1
net 47: (14 11)->(31 11) 13 2 1 0 #timing (1482 1301) ps polarity 0
net 47: (31 11)->(23 3) 5 3 0 1 #timing (2294 2087) ps  polarity 0
net 47: (23 3)->(19 3) 4 2 0 1 #timing (2379 2583) ps  polarity 1
net 47: (19 3)->(19 7) 3 1 0 1 #timing (2697 2840) ps  polarity 1
net 47: (19 7)->(19 5) 1 1 0 1 #timing (2842 2977) ps  polarity 0
net 47: (19 5)->(18 4) 0 3 0 1 #timing (3129 2995) ps  polarity 1
net 48: (18 6)->(18 7) 0 1 0 0 #timing (679 679) ps polarity 1
net 48: (18 7)->(16 5) 1 3 0 0 #timing (857 815) ps polarity 0
net 48: (16 5)->(18 5) 1 2 0 1 #timing (1145 1061) ps  polarity 1
net 48: (18 5)->(18 5) 0 0 0 1 #timing (1206 1302) ps  polarity 0
net 48: (18 5)->(18 4) 0 1 0 1 #timing (1188 1291) ps  polarity 0
net 50: (19 6)->(19 7) 0 1 0 0 #timing (194 194) ps polarity 0
net 50: (19 7)->(17 5) 1 3 0 0 #timing (373 338) ps polarity 1
net 50: (17 5)->(17 1) 3 1 0 0 #timing (638 666) ps polarity 1
net 50: (17 1)->(21 1) 4 2 0 0 #timing (966 958) ps polarity 1
net 50: (21 1)->(23 1) 1 2 0 1 #timing (1221 1180) ps  polarity 0
net 50: (23 1)->(23 0) 0 1 0 1 #timing (1289 1337) ps  polarity 1
net 51: (18 12)->(18 13) 0 1 0 0 #timing (678 678) ps polarity 1
net 51: (18 13)->(16 15) 1 3 0 0 #timing (825 803) ps polarity 0
net 51: (16 15)->(16 11) 3 1 0 1 #timing (1278 1169) ps  polarity 0
net 51: (16 11)->(18 11) 1 2 0 1 #timing (1410 1297) ps  polarity 1
net 51: (18 11)->(18 11) 0 0 0 1 #timing (1441 1563) ps  polarity 0
net 51: (16 15)->(16 15) 5 0 0 0 #timing (934 1008) ps polarity 1
net 51: (16 15)->(1 15) 13 2 1 0 #timing (1662 1466) ps polarity 0
net 51: (1 15)->(9 7) 5 3 0 1 #timing (2393 2177) ps  polarity 0
net 51: (9 7)->(13 7) 4 2 0 1 #timing (2487 2688) ps  polarity 1
net 51: (13 7)->(13 11) 3 4 0 1 #timing (2806 2949) ps  polarity 1
net 51: (13 11)->(15 9) 1 3 0 1 #timing (2992 3106) ps  polarity 0
net 51: (15 9)->(14 8) 0 3 0 1 #timing (3250 3158) ps  polarity 1
net 52: (16 9)->(17 8) 0 3 0 0 #timing (743 743) ps polarity 1
net 52: (17 8)->(19 8) 1 2 0 0 #timing (887 869) ps polarity 0
net 52: (19 8)->(23 8) 4 2 0 1 #timing (1289 1220) ps  polarity 0
net 52: (23 8)->(21 8) 1 2 0 1 #timing (1529 1420) ps  polarity 1
net 52: (21 8)->(20 9) 0 3 0 1 #timing (1519 1653) ps  polarity 0
net 52: (19 8)->(15 8) 4 5 0 0 #timing (1164 1170) ps polarity 0
net 52: (15 8)->(15 8) 1 0 1 1 #timing (1373 1340) ps  polarity 1
net 52: (15 8)->(14 8) 0 2 0 1 #timing (1461 1485) ps  polarity 0
net 54: (20 11)->(20 11) 0 0 0 0 #timing (155 155) ps polarity 1
net 54: (20 11)->(22 11) 1 2 0 0 #timing (285 269) ps polarity 0
net 54: (22 11)->(22 11) 1 0 1 1 #timing (512 474) ps  polarity 1
net 54: (22 11)->(22 11) 0 0 0 1 #timing (602 629) ps  polarity 0
net 54: (22 11)->(18 11) 4 2 0 1 #timing (701 627) ps  polarity 0
net 54: (18 11)->(18 15) 3 1 0 1 #timing (979 855) ps  polarity 0
net 54: (18 15)->(18 13) 1 1 0 1 #timing (1116 987) ps  polarity 1
net 54: (18 13)->(18 12) 0 1 0 1 #timing (1125 1260) ps  polarity 0
net 55: (15 9)->(14 8) 0 3 0 0 #timing (199 199) ps polarity 0
net 55: (14 8)->(14 10) 1 1 0 0 #timing (316 308) ps polarity 1
net 55: (14 10)->(14 6) 3 4 0 0 #timing (597 576) ps polarity 1
net 55: (14 6)->(18 6) 4 5 0 0 #timing (902 852) ps polarity 1
net 55: (18 6)->(18 6) 5 0 1 0 #timing (1030 993) ps polarity 0
net 55: (18 6)->(18 22) 13 1 0 0 #timing (1604 1526) ps polarity 1
net 55: (18 22)->(26 30) 5 3 0 1 #timing (2310 2214) ps  polarity 1
net 55: (26 30)->(26 30) 1 0 0 1 #timing (2491 2385) ps  polarity 1
net 55: (26 30)->(27 31) 0 3 0 1 #timing (2510 2606) ps  polarity 0
net 56: (11 9)->(11 9) 0 0 0 0 #timing (178 178) ps polarity 0
net 56: (11 9)->(11 9) 1 0 0 0 #timing (251 257) ps polarity 1
net 56: (11 9)->(11 9) 1 0 1 1 #timing (455 428) ps  polarity 0
net 56: (11 9)->(10 9) 0 2 0 1 #timing (551 569) ps  polarity 1
net 56: (11 9)->(9 11) 1 3 0 0 #timing (341 314) ps polarity 1
net 56: (9 11)->(9 15) 3 1 0 0 #timing (662 674) ps polarity 1
net 56: (9 15)->(13 15) 4 2 0 0 #timing (1009 982) ps polarity 1
net 56: (13 15)->(15 13) 1 3 0 1 #timing (1312 1265) ps  polarity 0
net 56: (15 13)->(15 12) 0 1 0 1 #timing (1400 1470) ps  polarity 1
net 57: (22 12)->(23 13) 0 3 0 0 #timing (199 199) ps polarity 0
net 57: (23 13)->(23 13) 1 0 0 0 #timing (274 279) ps polarity 1
net 57: (23 13)->(23 13) 1 0 0 1 #timing (481 451) ps  polarity 0
net 57: (23 13)->(22 12) 0 3 0 1 #timing (609 612) ps  polarity 1
net 57: (23 13)->(21 13) 1 2 0 1 #timing (506 470) ps  polarity 0
net 57: (21 13)->(20 12) 0 3 0 1 #timing (639 666) ps  polarity 1
net 58: (14 7)->(14 7) 0 0 0 0 #timing (680 680) ps polarity 1
net 58: (14 7)->(12 5) 1 3 0 0 #timing (850 818) ps polarity 0
net 58: (12 5)->(12 9) 3 4 0 1 #timing (1315 1189) ps  polarity 0
net 58: (12 9)->(14 9) 1 2 0 1 #timing (1460 1324) ps  polarity 1
net 58: (14 9)->(14 8) 0 1 0 1 #timing (1472 1623) ps  polarity 0
net 58: (14 9)->(15 9) 0 2 0 1 #timing (1455 1612) ps  polarity 0
net 59: (16 7)->(17 6) 0 3 0 0 #timing (706 706) ps polarity 1
net 59: (17 6)->(19 4) 1 3 0 0 #timing (892 855) ps polarity 0
net 59: (19 4)->(19 8) 3 4 0 1 #timing (1352 1220) ps  polarity 0
net 59: (19 8)->(19 10) 1 1 0 1 #timing (1493 1354) ps  polarity 1
net 59: (19 10)->(18 10) 0 2 0 1 #timing (1488 1637) ps  polarity 0
net 59: (19 4)->(23 4) 4 2 0 0 #timing (1156 1206) ps polarity 0
net 59: (23 4)->(21 4) 1 2 0 1 #timing (1446 1357) ps  polarity 1
net 59: (21 4)->(20 5) 0 3 0 1 #timing (1477 1579) ps  polarity 0
net 60: (18 4)->(18 4) 0 0 0 0 #timing (649 649) ps polarity 1
net 60: (18 4)->(16 6) 1 3 0 0 #timing (797 775) ps polarity 0
net 60: (16 6)->(18 4) 1 3 0 1 #timing (1122 1056) ps  polarity 1
net 60: (18 4)->(18 4) 0 0 0 1 #timing (1207 1290) ps  polarity 0
net 60: (16 6)->(20 6) 4 2 0 0 #timing (1066 1107) ps polarity 0
net 60: (20 6)->(20 6) 1 0 1 1 #timing (1311 1242) ps  polarity 1
net 60: (20 6)->(21 6) 0 2 0 1 #timing (1338 1409) ps  polarity 0
net 62: (15 8)->(14 9) 0 3 0 0 #timing (204 204) ps polarity 1
net 62: (14 9)->(12 11) 1 3 0 0 #timing (362 336) ps polarity 0
net 62: (12 11)->(14 9) 1 3 0 1 #timing (695 620) ps  polarity 1
net 62: (14 9)->(15 8) 0 3 0 1 #timing (774 869) ps  polarity 0
net 62: (12 11)->(12 7) 3 4 0 0 #timing (665 680) ps polarity 0
net 62: (12 7)->(16 7) 4 5 0 0 #timing (967 956) ps polarity 0
net 62: (16 7)->(18 7) 1 2 0 1 #timing (1192 1165) ps  polarity 1
net 62: (18 7)->(19 6) 0 3 0 1 #timing (1306 1348) ps  polarity 0
net 62: (16 7)->(20 7) 4 2 0 1 #timing (1212 1187) ps  polarity 0
net 62: (20 7)->(20 7) 1 0 0 1 #timing (1403 1354) ps  polarity 1
net 62: (20 7)->(21 7) 0 2 0 1 #timing (1451 1501) ps  polarity 0
net 62: (20 7)->(20 5) 1 1 0 1 #timing (1444 1385) ps  polarity 1
net 62: (20 5)->(20 5) 0 0 0 1 #timing (1540 1606) ps  polarity 0
net 62: (12 11)->(8 11) 4 2 0 0 #timing (630 672) ps polarity 0
net 62: (8 11)->(8 11) 5 0 1 0 #timing (763 825) ps polarity 1
net 62: (8 11)->(25 11) 13 2 1 0 #timing (1491 1302) ps polarity 0
net 62: (25 11)->(17 11) 5 2 0 1 #timing (2003 1790) ps  polarity 1
net 62: (17 11)->(19 9) 1 3 0 1 #timing (2106 2245) ps  polarity 0
net 62: (19 9)->(18 8) 0 3 0 1 #timing (2385 2266) ps  polarity 1
net 63: (21 11)->(21 10) 0 1 0 0 #timing (157 157) ps polarity 1
net 63: (21 10)->(23 10) 1 2 0 0 #timing (276 265) ps polarity 0
net 63: (23 10)->(23 10) 5 0 1 0 #timing (380 419) ps polarity 1
net 63: (23 10)->(23 27) 13 1 1 0 #timing (1105 935) ps polarity 0
net 63: (23 27)->(23 27) 5 0 0 1 #timing (1431 1280) ps  polarity 0
net 63: (23 27)->(27 27) 4 5 0 1 #timing (1802 1590) ps  polarity 1
net 63: (27 27)->(27 31) 3 1 0 1 #timing (2164 1869) ps  polarity 1
net 63: (27 31)->(27 31) 1 0 1 1 #timing (2272 1979) ps  polarity 0
net 63: (27 31)->(27 31) 0 0 0 1 #timing (2076 2371) ps  polarity 1
net 64: (18 9)->(19 9) 0 2 0 0 #timing (738 738) ps polarity 1
net 64: (19 9)->(19 9) 1 0 0 0 #timing (816 819) ps polarity 0
net 64: (19 9)->(19 11) 1 1 0 1 #timing (1051 1012) ps  polarity 1
net 64: (19 11)->(18 10) 0 3 0 1 #timing (1159 1197) ps  polarity 0
net 64: (18 9)->(19 8) 0 3 0 0 #timing (743 743) ps polarity 1
net 64: (19 8)->(19 8) 1 0 0 0 #timing (830 831) ps polarity 0
net 64: (19 8)->(19 8) 1 0 1 1 #timing (1033 1001) ps  polarity 1
net 64: (19 8)->(18 9) 0 3 0 1 #timing (1145 1156) ps  polarity 0
net 67: (12 12)->(13 13) 0 3 0 0 #timing (674 674) ps polarity 1
net 67: (13 13)->(15 13) 1 2 0 0 #timing (819 803) ps polarity 0
net 67: (15 13)->(15 9) 3 1 0 1 #timing (1318 1188) ps  polarity 0
net 67: (15 9)->(15 9) 1 0 1 1 #timing (1416 1291) ps  polarity 1
net 67: (15 9)->(15 9) 0 0 0 1 #timing (1391 1517) ps  polarity 0
net 67: (15 13)->(15 13) 5 0 0 0 #timing (921 973) ps polarity 1
net 67: (15 13)->(30 13) 13 2 1 0 #timing (1623 1447) ps polarity 0
net 67: (30 13)->(22 5) 5 3 0 1 #timing (2378 2177) ps  polarity 0
net 67: (22 5)->(18 5) 4 2 0 1 #timing (2487 2667) ps  polarity 1
net 67: (18 5)->(18 9) 3 4 0 1 #timing (2775 2898) ps  polarity 1
net 67: (18 9)->(18 9) 1 0 1 1 #timing (2880 3005) ps  polarity 0
net 67: (18 9)->(18 8) 0 1 0 1 #timing (3130 2995) ps  polarity 1
net 68: (20 9)->(20 9) 0 0 0 0 #timing (726 726) ps polarity 1
net 68: (20 9)->(22 11) 1 3 0 0 #timing (879 854) ps polarity 0
net 68: (22 11)->(20 9) 1 3 0 1 #timing (1206 1134) ps  polarity 1
net 68: (20 9)->(20 9) 0 0 0 1 #timing (1286 1379) ps  polarity 0
net 68: (22 11)->(22 7) 3 4 0 0 #timing (1224 1213) ps polarity 0
net 68: (22 7)->(18 7) 4 2 0 0 #timing (1560 1501) ps polarity 0
net 68: (18 7)->(18 7) 1 0 1 1 #timing (1715 1745) ps  polarity 1
net 68: (18 7)->(19 7) 0 2 0 1 #timing (1842 1815) ps  polarity 0
net 69: (18 7)->(19 6) 0 3 0 0 #timing (184 184) ps polarity 0
net 69: (19 6)->(19 4) 1 1 0 0 #timing (309 299) ps polarity 1
net 69: (19 4)->(19 0) 3 1 0 0 #timing (598 566) ps polarity 1
net 69: (19 0)->(23 0) 4 2 0 0 #timing (910 860) ps polarity 1
net 69: (23 0)->(23 0) 1 0 1 1 #timing (1064 1086) ps  polarity 0
net 69: (23 0)->(23 0) 0 0 0 1 #timing (1169 1153) ps  polarity 1
net 70: (10 9)->(10 9) 0 0 0 0 #timing (191 191) ps polarity 0
net 70: (10 9)->(10 11) 1 1 0 0 #timing (295 292) ps polarity 1
net 70: (10 11)->(10 7) 3 4 0 0 #timing (624 584) ps polarity 1
net 70: (10 7)->(10 7) 1 0 1 1 #timing (836 761) ps  polarity 0
net 70: (10 7)->(10 7) 0 0 0 1 #timing (898 958) ps  polarity 1
net 70: (10 7)->(14 7) 4 2 0 0 #timing (911 853) ps polarity 1
net 70: (14 7)->(12 7) 1 2 0 1 #timing (1078 1101) ps  polarity 0
net 70: (12 7)->(12 6) 0 1 0 1 #timing (1255 1227) ps  polarity 1
net 71: (14 11)->(15 11) 0 2 0 0 #timing (174 174) ps polarity 1
net 71: (15 11)->(15 9) 1 1 0 0 #timing (303 293) ps polarity 0
net 71: (15 9)->(15 9) 1 0 0 1 #timing (519 480) ps  polarity 1
net 71: (15 9)->(14 9) 0 2 0 1 #timing (602 633) ps  polarity 0
net 73: (20 7)->(20 7) 0 0 0 0 #timing (680 680) ps polarity 1
net 73: (20 7)->(20 7) 1 0 0 0 #timing (752 758) ps polarity 0
net 73: (20 7)->(20 11) 3 4 0 1 #timing (1140 1055) ps  polarity 0
net 73: (20 11)->(20 9) 1 1 0 1 #timing (1294 1196) ps  polarity 1
net 73: (20 9)->(20 8) 0 1 0 1 #timing (1317 1428) ps  polarity 0
net 73: (20 9)->(21 9) 0 2 0 1 #timing (1343 1443) ps  polarity 0
net 74: (21 10)->(21 10) 0 0 0 0 #timing (183 183) ps polarity 0
net 74: (21 10)->(23 8) 1 3 0 0 #timing (322 304) ps polarity 1
net 74: (23 8)->(23 12) 3 1 0 1 #timing (766 666) ps  polarity 1
net 74: (23 12)->(23 12) 1 0 1 1 #timing (884 787) ps  polarity 0
net 74: (23 12)->(22 12) 0 2 0 1 #timing (918 1002) ps  polarity 1
net 78: (19 6)->(19 6) 0 0 0 0 #timing (661 661) ps polarity 0
net 78: (19 6)->(17 4) 1 3 0 0 #timing (830 799) ps polarity 1
net 78: (17 4)->(19 4) 1 2 0 1 #timing (1106 1044) ps  polarity 0
net 78: (19 4)->(19 5) 0 1 0 1 #timing (1217 1267) ps  polarity 1
net 78: (17 4)->(19 6) 1 3 0 1 #timing (1150 1066) ps  polarity 0
net 78: (19 6)->(18 6) 0 2 0 1 #timing (1221 1329) ps  polarity 1
net 78: (19 6)->(18 7) 0 3 0 1 #timing (1255 1347) ps  polarity 1
net 78: (17 4)->(21 4) 4 2 0 0 #timing (1129 1161) ps polarity 1
net 78: (21 4)->(21 6) 1 1 0 1 #timing (1401 1330) ps  polarity 0
net 78: (21 6)->(20 6) 0 2 0 1 #timing (1466 1540) ps  polarity 1
net 78: (21 6)->(20 7) 0 3 0 1 #timing (1502 1557) ps  polarity 1
net 78: (17 4)->(13 4) 4 5 0 0 #timing (1075 1115) ps polarity 1
net 78: (13 4)->(15 6) 1 3 0 1 #timing (1401 1306) ps  polarity 0
net 78: (15 6)->(15 7) 0 1 0 1 #timing (1490 1585) ps  polarity 1
net 79: (14 8)->(14 8) 0 0 0 0 #timing (163 163) ps polarity 1
net 79: (14 8)->(14 8) 1 0 0 0 #timing (240 242) ps polarity 0
net 79: (14 8)->(10 8) 4 2 0 0 #timing (531 487) ps polarity 0
net 79: (10 8)->(10 8) 1 0 1 1 #timing (699 714) ps  polarity 1
net 79: (10 8)->(11 9) 0 3 0 1 #timing (832 809) ps  polarity 0
net 79: (14 8)->(12 10) 1 3 0 0 #timing (320 293) ps polarity 0
net 79: (12 10)->(14 8) 1 3 0 1 #timing (645 569) ps  polarity 1
net 79: (14 8)->(14 8) 0 0 0 1 #timing (721 819) ps  polarity 0
net 79: (14 8)->(14 9) 0 1 0 1 #timing (691 798) ps  polarity 0
net 79: (14 8)->(15 9) 0 3 0 1 #timing (733 827) ps  polarity 0
net 79: (12 10)->(16 10) 4 5 0 0 #timing (593 636) ps polarity 0
net 79: (16 10)->(18 10) 1 2 0 1 #timing (881 796) ps  polarity 1
net 79: (18 10)->(18 10) 0 0 0 1 #timing (938 1036) ps  polarity 0
net 79: (18 10)->(18 11) 0 1 0 1 #timing (909 1017) ps  polarity 0
net 79: (18 10)->(19 10) 0 2 0 1 #timing (931 1031) ps  polarity 0
net 79: (18 10)->(19 11) 0 3 0 1 #timing (953 1045) ps  polarity 0
net 79: (16 10)->(18 8) 1 3 0 1 #timing (914 818) ps  polarity 1
net 79: (18 8)->(18 9) 0 1 0 1 #timing (940 1069) ps  polarity 0
net 79: (18 8)->(19 9) 0 3 0 1 #timing (984 1097) ps  polarity 0
net 80: (19 10)->(18 11) 0 3 0 0 #timing (653 653) ps polarity 1
net 80: (18 11)->(18 9) 1 1 0 0 #timing (781 769) ps polarity 0
net 80: (18 9)->(18 9) 1 0 0 1 #timing (999 960) ps  polarity 1
net 80: (18 9)->(19 9) 0 2 0 1 #timing (1071 1106) ps  polarity 0
net 80: (18 9)->(18 11) 1 1 0 1 #timing (1041 989) ps  polarity 1
net 80: (18 11)->(19 10) 0 3 0 1 #timing (1154 1199) ps  polarity 0
net 81: (14 10)->(14 10) 0 0 0 0 #timing (649 649) ps polarity 1
net 81: (14 10)->(12 8) 1 3 0 0 #timing (815 785) ps polarity 0
net 81: (12 8)->(14 10) 1 3 0 1 #timing (1137 1053) ps  polarity 1
net 81: (14 10)->(14 10) 0 0 0 1 #timing (1185 1301) ps  polarity 0
net 82: (15 12)->(14 12) 0 2 0 0 #timing (665 665) ps polarity 1
net 82: (14 12)->(14 12) 1 0 0 0 #timing (743 743) ps polarity 0
net 82: (14 12)->(14 8) 3 1 0 0 #timing (995 958) ps polarity 0
net 82: (14 8)->(14 10) 1 1 0 1 #timing (1267 1175) ps  polarity 1
net 82: (14 10)->(15 11) 0 3 0 1 #timing (1302 1404) ps  polarity 0
net 86: (19 12)->(19 13) 0 1 0 0 #timing (691 691) ps polarity 1
net 86: (19 13)->(17 15) 1 3 0 0 #timing (861 824) ps polarity 0
net 86: (17 15)->(17 11) 3 1 0 1 #timing (1304 1176) ps  polarity 0
net 86: (17 11)->(19 11) 1 2 0 1 #timing (1462 1319) ps  polarity 1
net 86: (19 11)->(19 11) 0 0 0 1 #timing (1455 1603) ps  polarity 0
net 86: (19 11)->(18 11) 0 2 0 1 #timing (1462 1607) ps  polarity 0
net 87: (13 12)->(13 12) 0 0 0 0 #timing (661 661) ps polarity 1
net 87: (13 12)->(15 14) 1 3 0 0 #timing (804 785) ps polarity 0
net 87: (15 14)->(19 14) 4 5 0 0 #timing (1136 1152) ps polarity 0
net 87: (19 14)->(19 10) 3 1 0 1 #timing (1584 1462) ps  polarity 0
net 87: (19 10)->(19 10) 1 0 0 1 #timing (1677 1563) ps  polarity 1
net 87: (19 10)->(18 11) 0 3 0 1 #timing (1724 1810) ps  polarity 0
net 87: (19 14)->(23 14) 4 2 0 1 #timing (1388 1390) ps  polarity 0
net 87: (23 14)->(23 10) 3 1 0 1 #timing (1718 1657) ps  polarity 0
net 87: (23 10)->(21 8) 1 3 0 1 #timing (1894 1816) ps  polarity 1
net 87: (21 8)->(21 9) 0 1 0 1 #timing (1929 2033) ps  polarity 0
net 90: (19 9)->(19 9) 0 0 0 0 #timing (686 686) ps polarity 1
net 90: (19 9)->(17 11) 1 3 0 0 #timing (839 816) ps polarity 0
net 90: (17 11)->(17 7) 3 4 0 1 #timing (1356 1213) ps  polarity 0
net 90: (17 7)->(19 7) 1 2 0 1 #timing (1517 1357) ps  polarity 1
net 90: (19 7)->(19 7) 0 0 0 1 #timing (1482 1655) ps  polarity 0
net 91: (16 8)->(17 8) 0 2 0 0 #timing (180 180) ps polarity 1
net 91: (17 8)->(17 8) 1 0 0 0 #timing (261 262) ps polarity 0
net 91: (17 8)->(19 8) 1 2 0 1 #timing (532 479) ps  polarity 1
net 91: (19 8)->(19 9) 0 1 0 1 #timing (639 691) ps  polarity 0
net 91: (16 8)->(17 9) 0 3 0 0 #timing (191 191) ps polarity 1
net 91: (17 9)->(19 9) 1 2 0 0 #timing (334 316) ps polarity 0
net 91: (19 9)->(19 5) 3 4 0 0 #timing (639 620) ps polarity 0
net 91: (19 5)->(19 5) 1 0 1 1 #timing (853 798) ps  polarity 1
net 91: (19 5)->(18 5) 0 2 0 1 #timing (930 971) ps  polarity 0
net 92: (15 7)->(14 6) 0 3 0 0 #timing (723 723) ps polarity 1
net 92: (14 6)->(12 4) 1 3 0 0 #timing (902 873) ps polarity 0
net 92: (12 4)->(12 8) 3 4 0 1 #timing (1312 1209) ps  polarity 0
net 92: (12 8)->(14 8) 1 2 0 1 #timing (1451 1339) ps  polarity 1
net 92: (14 8)->(15 8) 0 2 0 1 #timing (1494 1610) ps  polarity 0
net 92: (12 4)->(16 4) 4 5 0 0 #timing (1183 1213) ps polarity 0
net 92: (16 4)->(18 4) 1 2 0 1 #timing (1449 1381) ps  polarity 1
net 92: (18 4)->(18 5) 0 1 0 1 #timing (1492 1582) ps  polarity 0
net 93: (15 11)->(14 11) 0 2 0 0 #timing (172 172) ps polarity 1
net 93: (14 11)->(12 9) 1 3 0 0 #timing (356 315) ps polarity 0
net 93: (12 9)->(14 11) 1 3 0 1 #timing (675 582) ps  polarity 1
net 93: (14 11)->(15 11) 0 2 0 1 #timing (724 846) ps  polarity 0
net 95: (14 9)->(14 9) 0 0 0 0 #timing (191 191) ps polarity 0
net 95: (14 9)->(14 9) 1 0 0 0 #timing (263 269) ps polarity 1
net 95: (14 9)->(14 5) 3 4 0 0 #timing (568 504) ps polarity 1
net 95: (14 5)->(14 7) 1 1 0 1 #timing (822 712) ps  polarity 0
net 95: (14 7)->(14 6) 0 1 0 1 #timing (832 955) ps  polarity 1
net 95: (14 5)->(12 7) 1 3 0 1 #timing (865 737) ps  polarity 0
net 95: (12 7)->(12 7) 0 0 0 1 #timing (890 1038) ps  polarity 1
net 100: (14 11)->(14 11) 0 0 0 0 #timing (161 161) ps polarity 1
net 100: (14 11)->(14 11) 1 0 0 0 #timing (236 239) ps polarity 0
net 100: (14 11)->(14 11) 1 0 1 1 #timing (439 410) ps  polarity 1
net 100: (14 11)->(14 10) 0 1 0 1 #timing (521 545) ps  polarity 0
net 101: (14 12)->(14 12) 0 0 0 0 #timing (704 704) ps polarity 1
net 101: (14 12)->(12 14) 1 3 0 0 #timing (853 828) ps polarity 0
net 101: (12 14)->(12 10) 3 1 0 1 #timing (1368 1225) ps  polarity 0
net 101: (12 10)->(14 10) 1 2 0 1 #timing (1510 1359) ps  polarity 1
net 101: (14 10)->(14 11) 0 1 0 1 #timing (1472 1647) ps  polarity 0
net 101: (14 12)->(15 13) 0 3 0 0 #timing (675 675) ps polarity 1
net 101: (15 13)->(15 15) 1 1 0 0 #timing (800 794) ps polarity 0
net 101: (15 15)->(15 11) 3 1 0 0 #timing (1084 1053) ps polarity 0
net 101: (15 11)->(15 11) 1 0 1 1 #timing (1296 1230) ps  polarity 1
net 101: (15 11)->(15 10) 0 1 0 1 #timing (1350 1407) ps  polarity 0
net 104: (15 8)->(15 8) 0 0 0 0 #timing (162 162) ps polarity 0
net 104: (15 8)->(15 10) 1 1 0 0 #timing (277 268) ps polarity 1
net 104: (15 10)->(15 6) 3 4 0 1 #timing (742 634) ps  polarity 1
net 104: (15 6)->(15 6) 1 0 1 1 #timing (839 735) ps  polarity 0
net 104: (15 6)->(14 7) 0 3 0 1 #timing (892 969) ps  polarity 1
net 104: (15 10)->(11 10) 4 2 0 0 #timing (536 538) ps polarity 1
net 104: (11 10)->(11 8) 1 1 0 1 #timing (796 752) ps  polarity 0
net 104: (11 8)->(10 9) 0 3 0 1 #timing (927 959) ps  polarity 1
net 104: (15 8)->(13 10) 1 3 0 0 #timing (310 286) ps polarity 1
net 104: (13 10)->(15 10) 1 2 0 1 #timing (585 529) ps  polarity 0
net 104: (15 10)->(15 11) 0 1 0 1 #timing (703 747) ps  polarity 1
net 104: (15 10)->(14 10) 0 2 0 1 #timing (667 728) ps  polarity 1
net 104: (15 10)->(14 11) 0 3 0 1 #timing (701 745) ps  polarity 1
net 104: (13 10)->(15 8) 1 3 0 1 #timing (627 555) ps  polarity 0
net 104: (15 8)->(14 9) 0 3 0 1 #timing (738 814) ps  polarity 1
net 104: (13 10)->(13 6) 3 4 0 0 #timing (572 590) ps polarity 1
net 104: (13 6)->(9 6) 4 2 0 0 #timing (885 879) ps polarity 1
net 104: (9 6)->(9 6) 5 0 1 0 #timing (1021 1031) ps polarity 0
net 104: (9 6)->(24 6) 13 2 1 0 #timing (1714 1568) ps polarity 1
net 104: (24 6)->(16 6) 5 2 0 1 #timing (2322 2145) ps  polarity 0
net 104: (16 6)->(18 6) 1 2 0 1 #timing (2371 2506) ps  polarity 1
net 104: (18 6)->(18 7) 0 1 0 1 #timing (2670 2540) ps  polarity 0
net 104: (24 6)->(16 14) 5 3 0 1 #timing (2543 2375) ps  polarity 1
net 104: (16 14)->(18 12) 1 3 0 1 #timing (2822 2622) ps  polarity 1
net 104: (18 12)->(18 12) 0 0 0 1 #timing (2752 2978) ps  polarity 0
net 104: (13 10)->(17 10) 4 5 0 0 #timing (609 627) ps polarity 1
net 104: (17 10)->(19 10) 1 2 0 1 #timing (890 823) ps  polarity 0
net 104: (19 10)->(19 10) 0 0 0 1 #timing (983 1044) ps  polarity 1
net 104: (17 10)->(21 10) 4 2 0 1 #timing (873 867) ps  polarity 1
net 104: (21 10)->(21 10) 1 0 1 1 #timing (1066 1035) ps  polarity 0
net 104: (21 10)->(21 11) 0 1 0 1 #timing (1198 1200) ps  polarity 1
net 109: (12 9)->(12 9) 0 0 0 0 #timing (191 191) ps polarity 0
net 109: (12 9)->(12 9) 1 0 0 0 #timing (262 268) ps polarity 1
net 109: (12 9)->(12 13) 3 1 0 1 #timing (637 559) ps  polarity 1
net 109: (12 13)->(12 13) 1 0 1 1 #timing (735 662) ps  polarity 0
net 109: (12 13)->(12 12) 0 1 0 1 #timing (812 861) ps  polarity 1
net 109: (12 13)->(14 13) 1 2 0 1 #timing (772 687) ps  polarity 0
net 109: (14 13)->(14 12) 0 1 0 1 #timing (853 940) ps  polarity 1
net 109: (12 9)->(12 5) 3 4 0 0 #timing (581 511) ps polarity 1
net 109: (12 5)->(16 5) 4 5 0 0 #timing (892 792) ps polarity 1
net 109: (16 5)->(16 7) 1 1 0 1 #timing (1034 1095) ps  polarity 0
net 109: (16 7)->(16 7) 0 0 0 1 #timing (1233 1177) ps  polarity 1
net 109: (16 5)->(18 7) 1 3 0 1 #timing (1064 1112) ps  polarity 0
net 109: (18 7)->(18 7) 0 0 0 1 #timing (1278 1262) ps  polarity 1
net 109: (18 7)->(18 6) 0 1 0 1 #timing (1260 1247) ps  polarity 1
net 109: (12 9)->(16 9) 4 5 0 0 #timing (564 520) ps polarity 1
net 109: (16 9)->(16 9) 5 0 0 0 #timing (685 656) ps polarity 0
net 109: (16 9)->(16 1) 5 1 0 1 #timing (1011 993) ps  polarity 1
net 109: (16 1)->(20 1) 4 2 0 1 #timing (1269 1220) ps  polarity 1
net 109: (20 1)->(22 1) 1 2 0 1 #timing (1500 1415) ps  polarity 0
net 109: (22 1)->(23 0) 0 3 0 1 #timing (1567 1657) ps  polarity 1
net 109: (16 9)->(16 25) 13 1 0 0 #timing (1314 1210) ps polarity 1
net 109: (16 25)->(24 25) 5 2 0 1 #timing (1805 1661) ps  polarity 0
net 109: (24 25)->(24 29) 3 1 0 1 #timing (2082 2128) ps  polarity 0
net 109: (24 29)->(26 31) 1 3 0 1 #timing (2235 2269) ps  polarity 1
net 109: (26 31)->(27 31) 0 2 0 1 #timing (2414 2393) ps  polarity 0
net 109: (12 9)->(12 8) 0 1 0 0 #timing (198 198) ps polarity 0
net 109: (12 8)->(12 8) 1 0 0 0 #timing (284 282) ps polarity 1
net 109: (12 8)->(12 4) 3 4 0 0 #timing (552 508) ps polarity 1
net 109: (12 4)->(12 6) 1 1 0 1 #timing (803 715) ps  polarity 0
net 109: (12 6)->(12 6) 0 0 0 1 #timing (852 945) ps  polarity 1
net 109: (12 6)->(12 7) 0 1 0 1 #timing (821 927) ps  polarity 1
net 109: (12 4)->(14 6) 1 3 0 1 #timing (833 733) ps  polarity 0
net 109: (14 6)->(14 6) 0 0 0 1 #timing (882 1000) ps  polarity 1
net 109: (14 6)->(14 7) 0 1 0 1 #timing (852 980) ps  polarity 1
net 109: (12 4)->(8 4) 4 2 0 0 #timing (821 763) ps polarity 1
net 109: (8 4)->(10 6) 1 3 0 1 #timing (1037 1045) ps  polarity 0
net 109: (10 6)->(10 7) 0 1 0 1 #timing (1185 1186) ps  polarity 1
net 109: (12 8)->(16 8) 4 5 0 0 #timing (574 541) ps polarity 1
net 109: (16 8)->(20 8) 4 2 0 1 #timing (825 777) ps  polarity 1
net 109: (20 8)->(20 4) 3 4 0 1 #timing (1157 1034) ps  polarity 1
net 109: (20 4)->(20 6) 1 1 0 1 #timing (1299 1168) ps  polarity 0
net 109: (20 6)->(20 6) 0 0 0 1 #timing (1308 1447) ps  polarity 1
net 109: (20 6)->(20 7) 0 1 0 1 #timing (1277 1429) ps  polarity 1
net 109: (16 8)->(16 8) 5 0 0 0 #timing (705 685) ps polarity 0
net 109: (16 8)->(24 0) 5 3 0 1 #timing (1315 1300) ps  polarity 0
net 109: (24 0)->(24 0) 1 0 1 1 #timing (1504 1476) ps  polarity 0
net 109: (24 0)->(24 0) 0 0 0 1 #timing (1583 1609) ps  polarity 1
net 109: (12 8)->(12 8) 5 0 0 0 #timing (384 403) ps polarity 0
net 109: (12 8)->(12 0) 5 1 0 1 #timing (736 755) ps  polarity 1
net 109: (12 0)->(8 0) 4 2 0 1 #timing (968 972) ps  polarity 1
net 109: (8 0)->(8 0) 1 0 1 1 #timing (1157 1138) ps  polarity 0
net 109: (8 0)->(9 0) 0 2 0 1 #timing (1242 1261) ps  polarity 1
net 109: (8 0)->(10 0) 1 2 0 1 #timing (1201 1168) ps  polarity 0
net 109: (10 0)->(10 0) 0 0 0 1 #timing (1279 1316) ps  polarity 1
net 109: (12 8)->(4 0) 5 3 0 1 #timing (962 985) ps  polarity 0
net 109: (4 0)->(6 0) 1 2 0 1 #timing (1180 1179) ps  polarity 0
net 109: (6 0)->(6 0) 0 0 0 1 #timing (1310 1348) ps  polarity 1
net 109: (12 8)->(12 24) 13 1 0 0 #timing (1034 894) ps polarity 1
net 109: (12 24)->(4 24) 5 2 0 1 #timing (1547 1371) ps  polarity 0
net 109: (4 24)->(4 28) 3 1 0 1 #timing (1771 1854) ps  polarity 0
net 109: (4 28)->(6 30) 1 3 0 1 #timing (1952 2011) ps  polarity 1
net 109: (6 30)->(6 31) 0 1 0 1 #timing (2137 2111) ps  polarity 0
net 109: (12 9)->(13 8) 0 3 0 0 #timing (209 209) ps polarity 0
net 109: (13 8)->(13 8) 1 0 0 0 #timing (296 296) ps polarity 1
net 109: (13 8)->(13 12) 3 1 0 0 #timing (561 517) ps polarity 1
net 109: (13 12)->(17 12) 4 5 0 0 #timing (910 819) ps polarity 1
net 109: (17 12)->(19 12) 1 2 0 1 #timing (1071 1119) ps  polarity 0
net 109: (19 12)->(18 12) 0 2 0 1 #timing (1260 1216) ps  polarity 1
