

####   Resource Utilization Report   ####

    Top level module name: top

    Resource usage:
      15 Logic 6-LUT CLBs
           39 CLB LUTs utilized (up to 4 per CLB)
                14 of which are 6-input LUTs
                 8 of which are dual 5-input LUTs
                47 LUTs total
           42 CLB FFs utilized (up to 4 pairs per CLB)
                37 of which are LUT-FF combination
                10 of which are dual-FFs
                 4 of which are dual-LUT-dual-FF combination
                52 FFs total
       9 I/O CLBs
            5  Input pins
            4  Input FFs utilized
            7 Output pins
            5 Output FFs utilized
       1 Clock
           Clock 0: net     2, clk, Fanout: 22 CLBs
           Total 1 unique clocks
    need 0 DSP and 1 Logic-Memory FPGA 1K Tiles.

 
####   Resource Utilization Complete   ####

TILE-REQ:		0		0		0		1

### Total FPGA resources from current floorplan: ###
                       184 IOBs
                       140 Logic 6-LUT CLBs
                              40 CLBs support RAM/SR

Usage of Logic CLBs is 10.7%.
    Logic-Memory CLB for RAM/Shift-Register is 0.0%.
Usage of LUTs is 7.0%.
    dual-LUTs is 1.4%.
Usage of FF is 7.5%.
    dual-FF is 1.8%.
Usage of IO CLB is 4.9%.
